<?xml version="1.0" encoding="UTF-8"?>
<testsuite name="com.example.miniproject.service.ArticleServiceTest" tests="1" skipped="0" failures="0" errors="0" timestamp="2024-02-13T07:55:27" hostname="munsanghwiui-MacBookPro.local" time="0.28">
  <properties/>
  <testcase name="delete_실패_존재하지_않는_id_입력()" classname="com.example.miniproject.service.ArticleServiceTest" time="0.28"/>
  <system-out><![CDATA[16:55:26.012 [Test worker] INFO org.springframework.test.context.support.AnnotationConfigContextLoaderUtils -- Could not detect default configuration classes for test class [com.example.miniproject.service.ArticleServiceTest]: ArticleServiceTest does not declare any static, non-private, non-final, nested classes annotated with @Configuration.
16:55:26.049 [Test worker] INFO org.springframework.boot.test.context.SpringBootTestContextBootstrapper -- Found @SpringBootConfiguration com.example.miniproject.MiniprojectApplication for test class com.example.miniproject.service.ArticleServiceTest

  .   ____          _            __ _ _
 /\\ / ___'_ __ _ _(_)_ __  __ _ \ \ \ \
( ( )\___ | '_ | '_| | '_ \/ _` | \ \ \ \
 \\/  ___)| |_)| | | | | || (_| |  ) ) ) )
  '  |____| .__|_| |_|_| |_\__, | / / / /
 =========|_|==============|___/=/_/_/_/
 :: Spring Boot ::                (v3.2.2)

2024-02-13T16:55:26.183+09:00  INFO 54921 --- [    Test worker] c.e.m.service.ArticleServiceTest         : Starting ArticleServiceTest using Java 17.0.9 with PID 54921 (started by moon in /Users/moon/Desktop/Spring-boot/toyproject_board)
2024-02-13T16:55:26.183+09:00  INFO 54921 --- [    Test worker] c.e.m.service.ArticleServiceTest         : No active profile set, falling back to 1 default profile: "default"
2024-02-13T16:55:26.387+09:00  INFO 54921 --- [    Test worker] .s.d.r.c.RepositoryConfigurationDelegate : Bootstrapping Spring Data JPA repositories in DEFAULT mode.
2024-02-13T16:55:26.404+09:00  INFO 54921 --- [    Test worker] .s.d.r.c.RepositoryConfigurationDelegate : Finished Spring Data repository scanning in 14 ms. Found 1 JPA repository interface.
2024-02-13T16:55:26.539+09:00  INFO 54921 --- [    Test worker] com.zaxxer.hikari.HikariDataSource       : HikariPool-1 - Starting...
2024-02-13T16:55:26.607+09:00  INFO 54921 --- [    Test worker] com.zaxxer.hikari.pool.HikariPool        : HikariPool-1 - Added connection conn0: url=jdbc:h2:mem:testdb user=SA
2024-02-13T16:55:26.607+09:00  INFO 54921 --- [    Test worker] com.zaxxer.hikari.HikariDataSource       : HikariPool-1 - Start completed.
2024-02-13T16:55:26.625+09:00  INFO 54921 --- [    Test worker] o.hibernate.jpa.internal.util.LogHelper  : HHH000204: Processing PersistenceUnitInfo [name: default]
2024-02-13T16:55:26.643+09:00  INFO 54921 --- [    Test worker] org.hibernate.Version                    : HHH000412: Hibernate ORM core version 6.4.1.Final
2024-02-13T16:55:26.655+09:00  INFO 54921 --- [    Test worker] o.h.c.internal.RegionFactoryInitiator    : HHH000026: Second-level cache disabled
2024-02-13T16:55:26.734+09:00  INFO 54921 --- [    Test worker] o.s.o.j.p.SpringPersistenceUnitInfo      : No LoadTimeWeaver setup: ignoring JPA class transformer
2024-02-13T16:55:27.027+09:00  INFO 54921 --- [    Test worker] o.h.e.t.j.p.i.JtaPlatformInitiator       : HHH000489: No JTA platform available (set 'hibernate.transaction.jta.platform' to enable JTA platform integration)
2024-02-13T16:55:27.034+09:00 DEBUG 54921 --- [    Test worker] org.hibernate.SQL                        : 
    drop table if exists article cascade 
2024-02-13T16:55:27.037+09:00 DEBUG 54921 --- [    Test worker] org.hibernate.SQL                        : 
    create table article (
        id bigint generated by default as identity,
        content varchar(255),
        title varchar(255),
        primary key (id)
    )
2024-02-13T16:55:27.041+09:00  INFO 54921 --- [    Test worker] j.LocalContainerEntityManagerFactoryBean : Initialized JPA EntityManagerFactory for persistence unit 'default'
2024-02-13T16:55:27.179+09:00  WARN 54921 --- [    Test worker] JpaBaseConfiguration$JpaWebConfiguration : spring.jpa.open-in-view is enabled by default. Therefore, database queries may be performed during view rendering. Explicitly configure spring.jpa.open-in-view to disable this warning
2024-02-13T16:55:27.293+09:00  INFO 54921 --- [    Test worker] o.s.b.a.h2.H2ConsoleAutoConfiguration    : H2 console available at '/h2-console'. Database available at 'jdbc:h2:mem:testdb'
2024-02-13T16:55:27.326+09:00  INFO 54921 --- [    Test worker] c.e.m.service.ArticleServiceTest         : Started ArticleServiceTest in 1.226 seconds (process running for 1.641)
2024-02-13T16:55:27.593+09:00 DEBUG 54921 --- [    Test worker] org.hibernate.SQL                        : 
    select
        a1_0.id,
        a1_0.content,
        a1_0.title 
    from
        article a1_0 
    where
        a1_0.id=?
]]></system-out>
  <system-err><![CDATA[]]></system-err>
</testsuite>
