<?xml version="1.0" encoding="UTF-8"?>
<testsuite name="com.example.miniproject.repository.CommentRepositoryTest" tests="1" skipped="0" failures="0" errors="0" timestamp="2024-02-21T13:16:56" hostname="munsanghwiui-MacBookPro.local" time="0.309">
  <properties/>
  <testcase name="특정 닉네임의 모든 댓글 조회" classname="com.example.miniproject.repository.CommentRepositoryTest" time="0.309"/>
  <system-out><![CDATA[22:16:54.642 [Test worker] INFO org.springframework.test.context.support.AnnotationConfigContextLoaderUtils -- Could not detect default configuration classes for test class [com.example.miniproject.repository.CommentRepositoryTest]: CommentRepositoryTest does not declare any static, non-private, non-final, nested classes annotated with @Configuration.
22:16:54.687 [Test worker] INFO org.springframework.boot.test.context.SpringBootTestContextBootstrapper -- Found @SpringBootConfiguration com.example.miniproject.MiniprojectApplication for test class com.example.miniproject.repository.CommentRepositoryTest

  .   ____          _            __ _ _
 /\\ / ___'_ __ _ _(_)_ __  __ _ \ \ \ \
( ( )\___ | '_ | '_| | '_ \/ _` | \ \ \ \
 \\/  ___)| |_)| | | | | || (_| |  ) ) ) )
  '  |____| .__|_| |_|_| |_\__, | / / / /
 =========|_|==============|___/=/_/_/_/
 :: Spring Boot ::                (v3.2.2)

2024-02-21T22:16:54.823+09:00  INFO 66069 --- [    Test worker] c.e.m.repository.CommentRepositoryTest   : Starting CommentRepositoryTest using Java 17.0.9 with PID 66069 (started by moon in /Users/moon/Desktop/Spring-boot/toyproject_board)
2024-02-21T22:16:54.823+09:00  INFO 66069 --- [    Test worker] c.e.m.repository.CommentRepositoryTest   : No active profile set, falling back to 1 default profile: "default"
2024-02-21T22:16:54.950+09:00  INFO 66069 --- [    Test worker] .s.d.r.c.RepositoryConfigurationDelegate : Bootstrapping Spring Data JPA repositories in DEFAULT mode.
2024-02-21T22:16:54.972+09:00  INFO 66069 --- [    Test worker] .s.d.r.c.RepositoryConfigurationDelegate : Finished Spring Data repository scanning in 18 ms. Found 2 JPA repository interfaces.
2024-02-21T22:16:54.993+09:00  INFO 66069 --- [    Test worker] beddedDataSourceBeanFactoryPostProcessor : Replacing 'dataSource' DataSource bean with embedded version
2024-02-21T22:16:55.049+09:00  INFO 66069 --- [    Test worker] o.s.j.d.e.EmbeddedDatabaseFactory        : Starting embedded database: url='jdbc:h2:mem:ba6d924e-9428-4f69-a69e-af83b13c0d11;DB_CLOSE_DELAY=-1;DB_CLOSE_ON_EXIT=false', username='sa'
2024-02-21T22:16:55.159+09:00  INFO 66069 --- [    Test worker] o.hibernate.jpa.internal.util.LogHelper  : HHH000204: Processing PersistenceUnitInfo [name: default]
2024-02-21T22:16:55.177+09:00  INFO 66069 --- [    Test worker] org.hibernate.Version                    : HHH000412: Hibernate ORM core version 6.4.1.Final
2024-02-21T22:16:55.189+09:00  INFO 66069 --- [    Test worker] o.h.c.internal.RegionFactoryInitiator    : HHH000026: Second-level cache disabled
2024-02-21T22:16:55.471+09:00  INFO 66069 --- [    Test worker] o.s.o.j.p.SpringPersistenceUnitInfo      : No LoadTimeWeaver setup: ignoring JPA class transformer
2024-02-21T22:16:55.802+09:00  INFO 66069 --- [    Test worker] o.h.e.t.j.p.i.JtaPlatformInitiator       : HHH000489: No JTA platform available (set 'hibernate.transaction.jta.platform' to enable JTA platform integration)
2024-02-21T22:16:55.812+09:00 DEBUG 66069 --- [    Test worker] org.hibernate.SQL                        : 
    drop table if exists article cascade 
Hibernate: 
    drop table if exists article cascade 
2024-02-21T22:16:55.813+09:00 DEBUG 66069 --- [    Test worker] org.hibernate.SQL                        : 
    drop table if exists comment cascade 
Hibernate: 
    drop table if exists comment cascade 
2024-02-21T22:16:55.815+09:00 DEBUG 66069 --- [    Test worker] org.hibernate.SQL                        : 
    create table article (
        id bigint generated by default as identity,
        content varchar(255),
        title varchar(255),
        primary key (id)
    )
Hibernate: 
    create table article (
        id bigint generated by default as identity,
        content varchar(255),
        title varchar(255),
        primary key (id)
    )
2024-02-21T22:16:55.819+09:00 DEBUG 66069 --- [    Test worker] org.hibernate.SQL                        : 
    create table comment (
        article_id bigint,
        id bigint generated by default as identity,
        body varchar(255),
        nickname varchar(255),
        primary key (id)
    )
Hibernate: 
    create table comment (
        article_id bigint,
        id bigint generated by default as identity,
        body varchar(255),
        nickname varchar(255),
        primary key (id)
    )
2024-02-21T22:16:55.820+09:00 DEBUG 66069 --- [    Test worker] org.hibernate.SQL                        : 
    alter table if exists comment 
       add constraint FK5yx0uphgjc6ik6hb82kkw501y 
       foreign key (article_id) 
       references article
Hibernate: 
    alter table if exists comment 
       add constraint FK5yx0uphgjc6ik6hb82kkw501y 
       foreign key (article_id) 
       references article
2024-02-21T22:16:55.827+09:00  INFO 66069 --- [    Test worker] j.LocalContainerEntityManagerFactoryBean : Initialized JPA EntityManagerFactory for persistence unit 'default'
2024-02-21T22:16:55.962+09:00  INFO 66069 --- [    Test worker] o.s.d.j.r.query.QueryEnhancerFactory     : Hibernate is in classpath; If applicable, HQL parser will be used.
2024-02-21T22:16:56.031+09:00  INFO 66069 --- [    Test worker] c.e.m.repository.CommentRepositoryTest   : Started CommentRepositoryTest in 1.319 seconds (process running for 1.705)
2024-02-21T22:16:56.311+09:00 DEBUG 66069 --- [    Test worker] org.hibernate.SQL                        : 
    SELECT
        * 
    FROM
        comment 
    WHERE
        nickname = ?                      
Hibernate: 
    SELECT
        * 
    FROM
        comment 
    WHERE
        nickname = ?                      
2024-02-21T22:16:56.326+09:00 DEBUG 66069 --- [    Test worker] org.hibernate.SQL                        : 
    select
        a1_0.id,
        a1_0.content,
        a1_0.title 
    from
        article a1_0 
    where
        a1_0.id=?
Hibernate: 
    select
        a1_0.id,
        a1_0.content,
        a1_0.title 
    from
        article a1_0 
    where
        a1_0.id=?
2024-02-21T22:16:56.332+09:00 DEBUG 66069 --- [    Test worker] org.hibernate.SQL                        : 
    select
        a1_0.id,
        a1_0.content,
        a1_0.title 
    from
        article a1_0 
    where
        a1_0.id=?
Hibernate: 
    select
        a1_0.id,
        a1_0.content,
        a1_0.title 
    from
        article a1_0 
    where
        a1_0.id=?
2024-02-21T22:16:56.332+09:00 DEBUG 66069 --- [    Test worker] org.hibernate.SQL                        : 
    select
        a1_0.id,
        a1_0.content,
        a1_0.title 
    from
        article a1_0 
    where
        a1_0.id=?
Hibernate: 
    select
        a1_0.id,
        a1_0.content,
        a1_0.title 
    from
        article a1_0 
    where
        a1_0.id=?
]]></system-out>
  <system-err><![CDATA[]]></system-err>
</testsuite>
